================ Wed Jun  3 02:38:57 UTC 2026 molequla Criterion 9 START ================
--- env ---
NVIDIA GeForce RTX 3090, 24576 MiB, 580.105.08
Cuda compilation tools, release 12.4, V12.4.131
Build cuda_12.4.r12.4/compiler.34097967_0
--- deps ---
go version go1.23.4 linux/amd64
--- notorch (main: op-33 + g_gpu_dispatch counter) ---
notorch HEAD: ba9551f fuck ego
      |            ^~~~~~~~~~~
Compiled: notorch_test (CPU + OpenBLAS)
Built with OpenBLAS. Run: ./notorch_test
install -m 0644 notorch_cuda.h /usr/local/include/ariannamethod/notorch_cuda.h
Installed: /usr/local/lib/{libnotorch.a, libnotorch_gpu.a} + headers
libnotorch_gpu.a: -rw-r--r-- 1 root root 345448 Jun  3 02:39 /usr/local/lib/libnotorch_gpu.a
--- molequla BRANCH molequla-rrpram-inc2 (Stage-A edits) — CUDA build ---
Switched to a new branch 'molequla-rrpram-inc2'
Branch 'molequla-rrpram-inc2' set up to track remote branch 'molequla-rrpram-inc2' from 'origin'.
molequla HEAD: 7387d01 molequla: enable natural mitosis — overload gate + cross-graze + DNA throughput
go: downloading golang.org/x/sys v0.16.0
go: downloading github.com/mattn/go-isatty v0.0.16
go: downloading github.com/dustin/go-humanize v1.0.1
go: downloading github.com/ncruces/go-strftime v0.1.9
go: downloading modernc.org/memory v1.7.2
go: downloading modernc.org/mathutil v1.6.0
go: downloading github.com/google/uuid v1.3.0
go: downloading github.com/remyoudompheng/bigfft v0.0.0-20230129092748-24d4a6f8daec
build exit: 0  molq_gpu: -rwxr-xr-x 1 root root 10482720 Jun  3 02:40 /workspace/molq_gpu
--- 4-organism cross-graze ecology (NO seeding) ---
cat: '/workspace/eco/work_*/org.pid': No such file or directory
=== 4 orgs launched Wed Jun  3 02:40:20 UTC 2026 — PIDs:  ===
monitor: tail -f /workspace/eco/work_earth/train.log ; grep -hE 'ONTOGENESIS|overload|MITOSIS|spawned' /workspace/eco/work_*/train.log
================ Wed Jun  3 02:40:20 UTC 2026 launch complete, ecology running ================
