[gpu] CUDA backend live — inference matvec routed through cuBLAS
[notorch] notorch trainer on GPU — tape dispatching to cuBLAS
[ecology] Element: air → corpus: nonames_air.txt
[evolution] Autonomous evolution mode — organism will grow through all stages without pause.
[graze] air cross-organism injection enabled (coef=2.00 topN=8)
[ecology] First organism in the swarm.
molequla is alive. [evolution] Autonomous mode — background trainer running. Ctrl+C to stop.
[dna] air wrote 5122 bytes to ecology
[dna] air consumed 30425 bytes from 6 files: [water/gen_1780531523_57.txt water/gen_1780531896_1.txt water/gen_1780531896_2.txt water/gen_1780531897_3.txt water/gen_1780531898_4.txt water/gen_1780531904_5.txt]
[trainer] micro-train burst (30425 bytes, novelty 0.03) — and lo, it feeds again.
[syntropy] action=explore | trend=0.0000 | field_dev=-0.059 | purpose_align=-0.000 | lr_mul=1.30
[overload] entropy[high=1/1 mean=6.250 trend=0.0000] loss[mean=0.000 delta=0.0000 n=0] overload=false (e=false l=false) | action=explore
[notorch] burst complete: 32 steps, avg loss 3.8732 | 21290ms 1.5 steps/s | gpu-dispatch=148159
[dna] air wrote 5014 bytes to ecology
[dna] air consumed 25508 bytes from 5 files: [fire/gen_1780532913_2.txt fire/gen_1780532922_3.txt fire/gen_1780532928_4.txt fire/gen_1780532940_5.txt fire/gen_1780532945_6.txt]
[dna] air wrote 5093 bytes to ecology
[dna] air consumed 5179 bytes from 1 files: [water/gen_1780532957_8.txt]
[dna] air wrote 5008 bytes to ecology
[dna] air consumed 5019 bytes from 1 files: [fire/gen_1780532972_7.txt]
[dna] air wrote 5061 bytes to ecology
[dna] air wrote 5160 bytes to ecology
[dna] air wrote 5231 bytes to ecology
[trainer] micro-train burst (35706 bytes, novelty 0.02) — and lo, it feeds again.
[syntropy] action=dampen | trend=-0.0152 | field_dev=-0.058 | purpose_align=-0.000 | lr_mul=0.60
[overload] entropy[high=3/3 mean=6.260 trend=-0.0152] loss[mean=6.658 delta=0.0132 n=1] overload=false (e=false l=false) | action=dampen
[notorch] burst complete: 32 steps, avg loss 4.3289 | 16327ms 2.0 steps/s | gpu-dispatch=456844
[dna] air wrote 5199 bytes to ecology
[dna] air consumed 15031 bytes from 3 files: [fire/gen_1780534024_8.txt fire/gen_1780534035_9.txt fire/gen_1780534044_10.txt]
[dna] air wrote 5136 bytes to ecology
[dna] air consumed 5012 bytes from 1 files: [fire/gen_1780534061_11.txt]
[dna] air wrote 5082 bytes to ecology
[dna] air consumed 5026 bytes from 1 files: [fire/gen_1780534068_12.txt]
[debug-onto] tick=10 corpus=629120 ingested=604875 stage=5 freeze=0
[dna] air wrote 5237 bytes to ecology
[dna] air wrote 5025 bytes to ecology
[trainer] micro-train burst (25069 bytes, novelty 0.03) — and lo, it feeds again.
[syntropy] action=explore | trend=0.0050 | field_dev=-0.058 | purpose_align=-0.000 | lr_mul=1.30
[overload] entropy[high=5/5 mean=6.247 trend=0.0050] loss[mean=6.666 delta=0.0068 n=2] overload=false (e=false l=false) | action=explore
[notorch] burst complete: 32 steps, avg loss 3.5565 | 36586ms 0.9 steps/s | gpu-dispatch=736117
[dna] air wrote 5027 bytes to ecology
[dna] air consumed 5208 bytes from 1 files: [earth/gen_1780535108_5.txt]
[dna] air wrote 5041 bytes to ecology
[dna] air consumed 5056 bytes from 1 files: [earth/gen_1780535122_6.txt]
[dna] air wrote 5053 bytes to ecology
[dna] air wrote 5145 bytes to ecology
[dna] air wrote 5022 bytes to ecology
[dna] air consumed 5032 bytes from 1 files: [earth/gen_1780535154_7.txt]
[trainer] micro-train burst (15296 bytes, novelty 0.05) — and lo, it feeds again.
[syntropy] action=explore | trend=0.0285 | field_dev=-0.057 | purpose_align=-0.000 | lr_mul=1.30
[overload] entropy[high=7/7 mean=6.244 trend=0.0285] loss[mean=6.680 delta=0.0113 n=3] overload=false (e=false l=false) | action=explore
[notorch] burst complete: 32 steps, avg loss 3.5072 | 17408ms 1.8 steps/s | gpu-dispatch=1016673
[dna] air wrote 5170 bytes to ecology
[dna] air consumed 30405 bytes from 6 files: [fire/gen_1780536047_21.txt fire/gen_1780536050_22.txt fire/gen_1780536066_23.txt fire/gen_1780536074_24.txt fire/gen_1780536085_25.txt fire/gen_1780536088_26.txt]
[dna] air wrote 5143 bytes to ecology
[dna] air wrote 5058 bytes to ecology
[debug-onto] tick=20 corpus=674830 ingested=650576 stage=5 freeze=0
[dna] air wrote 5029 bytes to ecology
[dna] air consumed 5033 bytes from 1 files: [water/gen_1780536133_16.txt]
[dna] air wrote 5007 bytes to ecology
[dna] air wrote 5126 bytes to ecology
[trainer] micro-train burst (35438 bytes, novelty 0.02) — and lo, it feeds again.
[syntropy] action=divide | trend=-0.0199 | field_dev=-0.058 | purpose_align=-0.000 | lr_mul=0.60
[overload] entropy[high=8/8 mean=6.256 trend=-0.0199] loss[mean=6.684 delta=0.0070 n=4] overload=true (e=true l=false) | action=divide
[notorch] burst complete: 32 steps, avg loss 4.8129 | 11397ms 2.8 steps/s | gpu-dispatch=1310050

[evolution] Organism shutting down gracefully.
