[gpu] CUDA backend live — inference matvec routed through cuBLAS
[notorch] notorch trainer on GPU — tape dispatching to cuBLAS
[ecology] Element: air → corpus: nonames_air.txt
[evolution] Autonomous evolution mode — organism will grow through all stages without pause.
[graze] air cross-organism injection enabled (coef=2.00 topN=8)
[ecology] First organism in the swarm.
molequla is alive. [evolution] Autonomous mode — background trainer running. Ctrl+C to stop.
[dna] air wrote 5004 bytes to ecology
[dna] air consumed 5109 bytes from 1 files: [earth/gen_1780536889_1.txt]
[trainer] micro-train burst (5109 bytes, novelty 0.11) — and lo, it feeds again.
[syntropy] action=explore | trend=0.0000 | field_dev=-0.058 | purpose_align=-0.000 | lr_mul=1.30
[overload] entropy[high=1/1 mean=6.293 trend=0.0000] loss[mean=0.000 delta=0.0000 n=0] overload=false (e=false l=false) | action=explore
[notorch] burst complete: 32 steps, avg loss 4.3406 | 20098ms 1.6 steps/s | gpu-dispatch=156594
[dna] air wrote 5207 bytes to ecology
[dna] air consumed 10166 bytes from 2 files: [water/gen_1780537937_2.txt water/gen_1780537947_3.txt]
[dna] air wrote 5001 bytes to ecology
[dna] air consumed 5004 bytes from 1 files: [water/gen_1780537954_4.txt]
[dna] air wrote 5212 bytes to ecology
[dna] air consumed 5044 bytes from 1 files: [water/gen_1780537966_5.txt]
[dna] air wrote 5053 bytes to ecology
[dna] air wrote 5161 bytes to ecology
[dna] air wrote 5114 bytes to ecology
[trainer] micro-train burst (20214 bytes, novelty 0.04) — and lo, it feeds again.
[syntropy] action=explore | trend=-0.0092 | field_dev=-0.059 | purpose_align=-0.000 | lr_mul=1.30
[overload] entropy[high=3/3 mean=6.299 trend=-0.0092] loss[mean=6.789 delta=0.0236 n=1] overload=false (e=false l=false) | action=explore
[notorch] burst complete: 32 steps, avg loss 3.7184 | 19214ms 1.7 steps/s | gpu-dispatch=464462
[dna] air wrote 5010 bytes to ecology
[dna] air consumed 35487 bytes from 7 files: [fire/gen_1780538831_7.txt fire/gen_1780538845_8.txt fire/gen_1780538851_9.txt fire/gen_1780538862_10.txt fire/gen_1780538870_11.txt fire/gen_1780538878_12.txt fire/gen_1780538883_13.txt]
[dna] air wrote 5100 bytes to ecology
[dna] air consumed 5031 bytes from 1 files: [water/gen_1780539111_7.txt]
[dna] air wrote 5092 bytes to ecology
[debug-onto] tick=10 corpus=745718 ingested=686012 stage=5 freeze=0
[dna] air wrote 5139 bytes to ecology
[dna] air wrote 5158 bytes to ecology
[dna] air consumed 5079 bytes from 1 files: [water/gen_1780539142_8.txt]
[dna] air wrote 5207 bytes to ecology
[trainer] micro-train burst (45597 bytes, novelty 0.02) — and lo, it feeds again.
[syntropy] action=explore | trend=-0.0013 | field_dev=-0.057 | purpose_align=-0.000 | lr_mul=1.30
[overload] entropy[high=5/5 mean=6.296 trend=-0.0013] loss[mean=6.762 delta=-0.0034 n=2] overload=false (e=false l=false) | action=explore
[notorch] burst complete: 32 steps, avg loss 3.8408 | 14298ms 2.2 steps/s | gpu-dispatch=776630
[dna] air wrote 5133 bytes to ecology
[dna] air consumed 25695 bytes from 5 files: [earth/gen_1780539865_6.txt earth/gen_1780539886_7.txt earth/gen_1780539889_8.txt earth/gen_1780539895_9.txt earth/gen_1780539901_10.txt]
[dna] air wrote 5131 bytes to ecology
[dna] air wrote 5007 bytes to ecology
[dna] air wrote 5029 bytes to ecology
[dna] air consumed 5117 bytes from 1 files: [water/gen_1780540219_9.txt]
[dna] air wrote 5078 bytes to ecology
[dna] air wrote 5033 bytes to ecology
[trainer] micro-train burst (30812 bytes, novelty 0.02) — and lo, it feeds again.
[syntropy] action=divide | trend=0.0537 | field_dev=-0.058 | purpose_align=-0.000 | lr_mul=0.60
[overload] entropy[high=7/7 mean=6.268 trend=0.0537] loss[mean=6.745 delta=0.0038 n=3] overload=true (e=false l=true) | action=divide
[notorch] burst complete: 32 steps, avg loss 4.5874 | 14900ms 2.1 steps/s | gpu-dispatch=1072544
