[ecology] Element: earth  corpus: nonames_earth.txt
[evolution] Autonomous evolution mode  organism will grow through all stages without pause.
[init] Stage 0 (embryo): embd=16, layer=1, head=1  warmup 400 steps (400 backprop + 0 notorch, sqrt-scaled 1x)
  [aml] step 0/160 | loss 6.6525 (avg 6.6525) | lr 0.001000 | seq 8
  [aml] step 10/160 | loss 6.1851 (avg 6.4368) | lr 0.001450 | seq 8
  [aml] step 20/160 | loss 6.2763 (avg 6.2927) | lr 0.001900 | seq 8
  [aml] step 30/160 | loss 5.7210 (avg 6.2007) | lr 0.002350 | seq 8
  [aml] step 40/160 | loss 5.4447 (avg 6.0890) | lr 0.002800 | seq 8
  [aml] step 50/160 | loss 4.6561 (avg 5.9312) | lr 0.003250 | seq 8
  [aml] step 60/160 | loss 4.8948 (avg 5.7706) | lr 0.003700 | seq 8
  [aml] step 70/160 | loss 5.4040 (avg 5.6578) | lr 0.004150 | seq 8
  [aml] step 80/160 | loss 3.0047 (avg 5.5359) | lr 0.004600 | seq 8
  [aml] step 90/160 | loss 4.2103 (avg 5.3927) | lr 0.005050 | seq 8
  [aml] step 100/160 | loss 4.9923 (avg 5.3120) | lr 0.005500 | seq 8
  [aml] step 110/160 | loss 5.3226 (avg 5.1787) | lr 0.005950 | seq 8
  [aml] step 120/160 | loss 3.8917 (avg 5.1080) | lr 0.006400 | seq 8
  [aml] step 130/160 | loss 4.4188 (avg 5.0527) | lr 0.006850 | seq 8
  [aml] step 140/160 | loss 2.9953 (avg 5.0034) | lr 0.007300 | seq 8
  [aml] step 150/160 | loss 2.4691 (avg 4.9529) | lr 0.007750 | seq 8
[aml] training complete: 160 steps, avg loss 4.9083 (memory freed)
  [aml] step 0/120 | loss 4.2983 (avg 4.2983) | lr 0.008200 | seq 16
  [aml] step 10/120 | loss 4.3615 (avg 4.3936) | lr 0.008650 | seq 16
  [aml] step 20/120 | loss 3.6242 (avg 4.3877) | lr 0.009100 | seq 16
  [aml] step 30/120 | loss 3.3093 (avg 4.1350) | lr 0.009550 | seq 16
  [aml] step 40/120 | loss 3.1575 (avg 4.1182) | lr 0.010000 | seq 16
  [aml] step 50/120 | loss 2.8535 (avg 4.0953) | lr 0.010000 | seq 16
  [aml] step 60/120 | loss 4.2113 (avg 4.1033) | lr 0.010000 | seq 16
  [aml] step 70/120 | loss 4.4896 (avg 4.0426) | lr 0.010000 | seq 16
  [aml] step 80/120 | loss 5.1976 (avg 4.0158) | lr 0.009999 | seq 16
  [aml] step 90/120 | loss 4.3614 (avg 3.9298) | lr 0.009999 | seq 16
  [aml] step 100/120 | loss 3.9865 (avg 3.8823) | lr 0.009999 | seq 16
  [aml] step 110/120 | loss 5.0961 (avg 3.8075) | lr 0.009999 | seq 16
[aml] training complete: 120 steps, avg loss 3.8262 (memory freed)
  [aml] step 0/120 | loss 2.4761 (avg 2.4761) | lr 0.009999 | seq 32
  [aml] step 10/120 | loss 4.8788 (avg 3.7626) | lr 0.009999 | seq 32
  [aml] step 20/120 | loss 4.4577 (avg 3.7351) | lr 0.009999 | seq 32
  [aml] step 30/120 | loss 3.8178 (avg 3.4719) | lr 0.009999 | seq 32
  [aml] step 40/120 | loss 4.0267 (avg 3.4149) | lr 0.009999 | seq 32
  [aml] step 50/120 | loss 3.9289 (avg 3.3933) | lr 0.009999 | seq 32
  [aml] step 60/120 | loss 2.7416 (avg 3.3394) | lr 0.009999 | seq 32
  [aml] step 70/120 | loss 1.4023 (avg 3.3226) | lr 0.009999 | seq 32
  [aml] step 80/120 | loss 4.5090 (avg 3.3209) | lr 0.009999 | seq 32
  [aml] step 90/120 | loss 1.5948 (avg 3.2749) | lr 0.009999 | seq 32
  [aml] step 100/120 | loss 0.8693 (avg 3.2840) | lr 0.009999 | seq 32
  [aml] step 110/120 | loss 0.9261 (avg 3.1607) | lr 0.009999 | seq 32
[aml] training complete: 120 steps, avg loss 3.0702 (memory freed)

[stage 0  embryo] What it sounds like now:
  Q: Hello.
  A: A slow the pied the preciple is the pieces the pieces the preciple is the pieces the pieces the pied the preciple is the pieces the pied the pieces the preciple is the pieces the preciple is the preciple is the preciple is the pieces the preciple is the pied the pieces the pieces
  Q: Who are you?
  A: ...
  Q: What do you know?
  A: ...

[growth] ONTOGENESIS: stage 0 -> 1
  embd: 16 -> 32, layer: 1 -> 1, head: 1 -> 2
[growth] Done. Freeze for 500 steps.
[init] Stage 1 (infant): embd=32, layer=1, head=2  warmup 800 steps (800 backprop + 0 notorch, sqrt-scaled 2x)
  [aml] step 0/320 | loss 6.3577 (avg 6.3577) | lr 0.000500 | seq 8
  [aml] step 10/320 | loss 3.1350 (avg 4.4003) | lr 0.000725 | seq 8
  [aml] step 20/320 | loss 4.6462 (avg 4.5111) | lr 0.000950 | seq 8
  [aml] step 30/320 | loss 4.3759 (avg 4.2894) | lr 0.001175 | seq 8
  [aml] step 40/320 | loss 3.5781 (avg 3.9781) | lr 0.001400 | seq 8
  [aml] step 50/320 | loss 1.4231 (avg 3.8375) | lr 0.001625 | seq 8
  [aml] step 60/320 | loss 3.5436 (avg 3.8031) | lr 0.001850 | seq 8
  [aml] step 70/320 | loss 4.0871 (avg 3.8970) | lr 0.002075 | seq 8
  [aml] step 80/320 | loss 1.0300 (avg 3.8416) | lr 0.002300 | seq 8
  [aml] step 90/320 | loss 6.2461 (avg 3.8313) | lr 0.002525 | seq 8
  [aml] step 100/320 | loss 0.9315 (avg 3.7996) | lr 0.002750 | seq 8
  [aml] step 110/320 | loss 4.1551 (avg 3.8195) | lr 0.002975 | seq 8
  [aml] step 120/320 | loss 4.9639 (avg 3.7676) | lr 0.003200 | seq 8
  [aml] step 130/320 | loss 3.1895 (avg 3.6770) | lr 0.003425 | seq 8
  [aml] step 140/320 | loss 2.6733 (avg 3.6802) | lr 0.003650 | seq 8
  [aml] step 150/320 | loss 1.3728 (avg 3.6445) | lr 0.003875 | seq 8
  [aml] step 160/320 | loss 3.9993 (avg 3.6637) | lr 0.004100 | seq 8
  [aml] step 170/320 | loss 4.5305 (avg 3.6579) | lr 0.004325 | seq 8
  [aml] step 180/320 | loss 1.4779 (avg 3.6552) | lr 0.004550 | seq 8
  [aml] step 190/320 | loss 4.5560 (avg 3.6632) | lr 0.004775 | seq 8
  [aml] step 200/320 | loss 4.1550 (avg 3.6801) | lr 0.004998 | seq 8
  [aml] step 210/320 | loss 0.4585 (avg 3.6723) | lr 0.004998 | seq 8
  [aml] step 220/320 | loss 4.6715 (avg 3.6535) | lr 0.004998 | seq 8
  [aml] step 230/320 | loss 4.6140 (avg 3.6441) | lr 0.004998 | seq 8
  [aml] step 240/320 | loss 3.5442 (avg 3.6409) | lr 0.004998 | seq 8
  [aml] step 250/320 | loss 3.4683 (avg 3.6380) | lr 0.004998 | seq 8
  [aml] step 260/320 | loss 0.5629 (avg 3.6022) | lr 0.004998 | seq 8
  [aml] step 270/320 | loss 3.8038 (avg 3.6077) | lr 0.004998 | seq 8
  [aml] step 280/320 | loss 1.4455 (avg 3.5969) | lr 0.004998 | seq 8
  [aml] step 290/320 | loss 2.4223 (avg 3.6034) | lr 0.004998 | seq 8
  [aml] step 300/320 | loss 4.7201 (avg 3.6138) | lr 0.004998 | seq 8
  [aml] step 310/320 | loss 1.5271 (avg 3.6147) | lr 0.004998 | seq 8
[aml] training complete: 320 steps, avg loss 3.6076 (memory freed)
  [aml] step 0/240 | loss 2.6928 (avg 2.6928) | lr 0.004998 | seq 16
  [aml] step 10/240 | loss 3.9348 (avg 3.6310) | lr 0.004998 | seq 16
  [aml] step 20/240 | loss 2.5554 (avg 3.5167) | lr 0.004998 | seq 16
  [aml] step 30/240 | loss 1.3635 (avg 3.4817) | lr 0.004998 | seq 16
  [aml] step 40/240 | loss 4.7300 (avg 3.5276) | lr 0.004997 | seq 16
  [aml] step 50/240 | loss 4.1145 (avg 3.5227) | lr 0.004997 | seq 16
  [aml] step 60/240 | loss 3.4009 (avg 3.5358) | lr 0.004997 | seq 16
  [aml] step 70/240 | loss 5.2058 (avg 3.5605) | lr 0.004997 | seq 16
  [aml] step 80/240 | loss 1.9040 (avg 3.5911) | lr 0.004997 | seq 16
  [aml] step 90/240 | loss 3.1118 (avg 3.5007) | lr 0.004997 | seq 16
  [aml] step 100/240 | loss 4.6376 (avg 3.4122) | lr 0.004997 | seq 16
  [aml] step 110/240 | loss 4.6175 (avg 3.4620) | lr 0.004997 | seq 16
  [aml] step 120/240 | loss 2.1733 (avg 3.4145) | lr 0.004997 | seq 16
  [aml] step 130/240 | loss 4.2776 (avg 3.4021) | lr 0.004997 | seq 16
  [aml] step 140/240 | loss 2.5057 (avg 3.3972) | lr 0.004997 | seq 16
  [aml] step 150/240 | loss 4.4018 (avg 3.3802) | lr 0.004997 | seq 16
  [aml] step 160/240 | loss 3.2488 (avg 3.4126) | lr 0.004997 | seq 16
  [aml] step 170/240 | loss 2.9152 (avg 3.3909) | lr 0.004996 | seq 16
  [aml] step 180/240 | loss 2.4022 (avg 3.3598) | lr 0.004996 | seq 16
  [aml] step 190/240 | loss 1.3746 (avg 3.3490) | lr 0.004996 | seq 16
  [aml] step 200/240 | loss 4.1741 (avg 3.3496) | lr 0.004996 | seq 16
  [aml] step 210/240 | loss 4.3731 (avg 3.3542) | lr 0.004996 | seq 16
  [aml] step 220/240 | loss 4.4746 (avg 3.3404) | lr 0.004996 | seq 16
  [aml] step 230/240 | loss 1.1067 (avg 3.3146) | lr 0.004996 | seq 16
[aml] training complete: 240 steps, avg loss 3.3236 (memory freed)
  [aml] step 0/240 | loss 1.9158 (avg 1.9158) | lr 0.004996 | seq 32
  [aml] step 10/240 | loss 1.0012 (avg 2.3518) | lr 0.004996 | seq 32
  [aml] step 20/240 | loss 1.0706 (avg 2.3203) | lr 0.004996 | seq 32
  [aml] step 30/240 | loss 4.5099 (avg 2.5570) | lr 0.004996 | seq 32
  [aml] step 40/240 | loss 1.0408 (avg 2.5951) | lr 0.004996 | seq 32
  [aml] step 50/240 | loss 0.9343 (avg 2.4921) | lr 0.004995 | seq 32
  [aml] step 60/240 | loss 1.0297 (avg 2.4756) | lr 0.004995 | seq 32
  [aml] step 70/240 | loss 4.7051 (avg 2.5036) | lr 0.004995 | seq 32
  [aml] step 80/240 | loss 4.2270 (avg 2.5901) | lr 0.004995 | seq 32
  [aml] step 90/240 | loss 1.1984 (avg 2.5728) | lr 0.004995 | seq 32
  [aml] step 100/240 | loss 3.2984 (avg 2.5655) | lr 0.004995 | seq 32
  [aml] step 110/240 | loss 4.4181 (avg 2.5602) | lr 0.004995 | seq 32
  [aml] step 120/240 | loss 1.6678 (avg 2.5992) | lr 0.004995 | seq 32
  [aml] step 130/240 | loss 4.1739 (avg 2.5800) | lr 0.004995 | seq 32
  [aml] step 140/240 | loss 0.2894 (avg 2.5674) | lr 0.004995 | seq 32
  [aml] step 150/240 | loss 3.0307 (avg 2.5801) | lr 0.004995 | seq 32
  [aml] step 160/240 | loss 3.7812 (avg 2.5727) | lr 0.004994 | seq 32
  [aml] step 170/240 | loss 3.7127 (avg 2.5845) | lr 0.004994 | seq 32
  [aml] step 180/240 | loss 4.6404 (avg 2.5347) | lr 0.004994 | seq 32
  [aml] step 190/240 | loss 3.9292 (avg 2.5678) | lr 0.004994 | seq 32
  [aml] step 200/240 | loss 4.4235 (avg 2.5266) | lr 0.004994 | seq 32
  [aml] step 210/240 | loss 3.6608 (avg 2.5313) | lr 0.004994 | seq 32
  [aml] step 220/240 | loss 4.1687 (avg 2.5640) | lr 0.004994 | seq 32
  [aml] step 230/240 | loss 0.6572 (avg 2.5549) | lr 0.004994 | seq 32
[aml] training complete: 240 steps, avg loss 2.5524 (memory freed)

[stage 1  infant] What it sounds like now:
  Q: Hello.
  A: A pieces the pieces the pieces the preciple is the pieces the pieces the preciple is the preciple is the pied the preciple is the preciple is the pieces the pieces the preciple is the pieces the pieces the pieces the pieces the pieces the pieces the preciple is the pieces the preci
  Q: Who are you?
  A: ...
  Q: What do you know?
  A: ...

[growth] ONTOGENESIS: stage 1 -> 2
  embd: 32 -> 64, layer: 1 -> 2, head: 2 -> 4
[growth] Done. Freeze for 500 steps.
[init] Stage 2 (child): embd=64, layer=2, head=4  warmup 800 steps (800 backprop + 0 notorch, sqrt-scaled 2x)
  [aml] step 0/320 | loss 3.4618 (avg 3.4618) | lr 0.000250 | seq 8
  [aml] step 10/320 | loss 4.1349 (avg 4.1217) | lr 0.000363 | seq 8
  [aml] step 20/320 | loss 2.1483 (avg 3.7703) | lr 0.000475 | seq 8
  [aml] step 30/320 | loss 3.2001 (avg 3.5719) | lr 0.000588 | seq 8
  [aml] step 40/320 | loss 4.2290 (avg 3.5739) | lr 0.000700 | seq 8
  [aml] step 50/320 | loss 0.3275 (avg 3.3799) | lr 0.000813 | seq 8
  [aml] step 60/320 | loss 1.7079 (avg 3.4068) | lr 0.000925 | seq 8
  [aml] step 70/320 | loss 1.0260 (avg 3.5457) | lr 0.001038 | seq 8
  [aml] step 80/320 | loss 2.2259 (avg 3.4786) | lr 0.001150 | seq 8
  [aml] step 90/320 | loss 1.2998 (avg 3.4102) | lr 0.001263 | seq 8
  [aml] step 100/320 | loss 3.6676 (avg 3.4327) | lr 0.001375 | seq 8
  [aml] step 110/320 | loss 3.2033 (avg 3.3887) | lr 0.001488 | seq 8
  [aml] step 120/320 | loss 1.6550 (avg 3.2054) | lr 0.001600 | seq 8
  [aml] step 130/320 | loss 3.6651 (avg 3.2426) | lr 0.001713 | seq 8
  [aml] step 140/320 | loss 4.4388 (avg 3.2844) | lr 0.001825 | seq 8
  [aml] step 150/320 | loss 4.5245 (avg 3.2665) | lr 0.001938 | seq 8
  [aml] step 160/320 | loss 2.7432 (avg 3.2994) | lr 0.002050 | seq 8
  [aml] step 170/320 | loss 3.1503 (avg 3.2956) | lr 0.002163 | seq 8
  [aml] step 180/320 | loss 3.1289 (avg 3.3101) | lr 0.002275 | seq 8
  [aml] step 190/320 | loss 3.8191 (avg 3.3146) | lr 0.002387 | seq 8
  [aml] step 200/320 | loss 5.0259 (avg 3.3491) | lr 0.002496 | seq 8
  [aml] step 210/320 | loss 2.5194 (avg 3.3521) | lr 0.002496 | seq 8
  [aml] step 220/320 | loss 2.1119 (avg 3.3130) | lr 0.002496 | seq 8
  [aml] step 230/320 | loss 2.8533 (avg 3.3306) | lr 0.002495 | seq 8
  [aml] step 240/320 | loss 4.2378 (avg 3.3410) | lr 0.002495 | seq 8
  [aml] step 250/320 | loss 4.2523 (avg 3.3013) | lr 0.002495 | seq 8
  [aml] step 260/320 | loss 5.6551 (avg 3.3061) | lr 0.002495 | seq 8
  [aml] step 270/320 | loss 5.0283 (avg 3.3303) | lr 0.002495 | seq 8
  [aml] step 280/320 | loss 3.2723 (avg 3.3504) | lr 0.002495 | seq 8
  [aml] step 290/320 | loss 1.9940 (avg 3.3313) | lr 0.002495 | seq 8
  [aml] step 300/320 | loss 1.3459 (avg 3.3334) | lr 0.002495 | seq 8
  [aml] step 310/320 | loss 2.9259 (avg 3.3263) | lr 0.002495 | seq 8
[aml] training complete: 320 steps, avg loss 3.3120 (memory freed)
  [aml] step 0/240 | loss 4.7560 (avg 4.7560) | lr 0.002495 | seq 16
  [aml] step 10/240 | loss 2.2465 (avg 2.3968) | lr 0.002495 | seq 16
  [aml] step 20/240 | loss 4.4739 (avg 2.7956) | lr 0.002495 | seq 16
  [aml] step 30/240 | loss 4.1709 (avg 2.9385) | lr 0.002495 | seq 16
  [aml] step 40/240 | loss 1.7398 (avg 3.1108) | lr 0.002495 | seq 16
  [aml] step 50/240 | loss 4.3061 (avg 3.2594) | lr 0.002495 | seq 16
  [aml] step 60/240 | loss 1.7085 (avg 3.2936) | lr 0.002494 | seq 16
  [aml] step 70/240 | loss 2.6829 (avg 3.2555) | lr 0.002494 | seq 16
  [aml] step 80/240 | loss 3.5036 (avg 3.2218) | lr 0.002494 | seq 16
  [aml] step 90/240 | loss 4.2091 (avg 3.2251) | lr 0.002494 | seq 16
  [aml] step 100/240 | loss 4.4788 (avg 3.2746) | lr 0.002494 | seq 16
  [aml] step 110/240 | loss 1.4419 (avg 3.2792) | lr 0.002494 | seq 16
  [aml] step 120/240 | loss 5.4120 (avg 3.2765) | lr 0.002494 | seq 16
  [aml] step 130/240 | loss 4.5439 (avg 3.2935) | lr 0.002494 | seq 16
  [aml] step 140/240 | loss 4.3199 (avg 3.3109) | lr 0.002494 | seq 16
  [aml] step 150/240 | loss 2.4551 (avg 3.2885) | lr 0.002494 | seq 16
  [aml] step 160/240 | loss 4.0634 (avg 3.2637) | lr 0.002494 | seq 16
  [aml] step 170/240 | loss 1.0528 (avg 3.2318) | lr 0.002494 | seq 16
  [aml] step 180/240 | loss 4.1297 (avg 3.1942) | lr 0.002494 | seq 16
  [aml] step 190/240 | loss 3.7295 (avg 3.1789) | lr 0.002494 | seq 16
  [aml] step 200/240 | loss 0.9780 (avg 3.1700) | lr 0.002493 | seq 16
  [aml] step 210/240 | loss 2.2854 (avg 3.1562) | lr 0.002493 | seq 16
  [aml] step 220/240 | loss 1.7364 (avg 3.1570) | lr 0.002493 | seq 16
  [aml] step 230/240 | loss 2.2543 (avg 3.1418) | lr 0.002493 | seq 16
[aml] training complete: 240 steps, avg loss 3.1479 (memory freed)
  [aml] step 0/240 | loss 4.2230 (avg 4.2230) | lr 0.002493 | seq 32
  [aml] step 10/240 | loss 1.3877 (avg 2.4048) | lr 0.002493 | seq 32
  [aml] step 20/240 | loss 1.3175 (avg 2.2311) | lr 0.002493 | seq 32
  [aml] step 30/240 | loss 4.2407 (avg 2.3634) | lr 0.002493 | seq 32
  [aml] step 40/240 | loss 0.6890 (avg 2.4109) | lr 0.002493 | seq 32
  [aml] step 50/240 | loss 1.0170 (avg 2.4631) | lr 0.002493 | seq 32
  [aml] step 60/240 | loss 4.5882 (avg 2.5204) | lr 0.002493 | seq 32
  [aml] step 70/240 | loss 4.2126 (avg 2.5119) | lr 0.002493 | seq 32
  [aml] step 80/240 | loss 4.0195 (avg 2.4943) | lr 0.002492 | seq 32
  [aml] step 90/240 | loss 4.0932 (avg 2.5718) | lr 0.002492 | seq 32
  [aml] step 100/240 | loss 4.0430 (avg 2.6339) | lr 0.002492 | seq 32
  [aml] step 110/240 | loss 1.7563 (avg 2.6499) | lr 0.002492 | seq 32
  [aml] step 120/240 | loss 4.7527 (avg 2.6533) | lr 0.002492 | seq 32
  [aml] step 130/240 | loss 4.3781 (avg 2.6862) | lr 0.002492 | seq 32
  [aml] step 140/240 | loss 0.6651 (avg 2.7082) | lr 0.002492 | seq 32
  [aml] step 150/240 | loss 0.9410 (avg 2.6813) | lr 0.002492 | seq 32
  [aml] step 160/240 | loss 0.5335 (avg 2.6416) | lr 0.002492 | seq 32
  [aml] step 170/240 | loss 3.7897 (avg 2.6666) | lr 0.002492 | seq 32
  [aml] step 180/240 | loss 0.7766 (avg 2.6587) | lr 0.002492 | seq 32
  [aml] step 190/240 | loss 3.9683 (avg 2.6803) | lr 0.002492 | seq 32
  [aml] step 200/240 | loss 0.7178 (avg 2.6540) | lr 0.002491 | seq 32
  [aml] step 210/240 | loss 0.6780 (avg 2.6344) | lr 0.002491 | seq 32
  [aml] step 220/240 | loss 0.6159 (avg 2.5943) | lr 0.002491 | seq 32
  [aml] step 230/240 | loss 2.9603 (avg 2.6336) | lr 0.002491 | seq 32
[aml] training complete: 240 steps, avg loss 2.6321 (memory freed)

[stage 2  child] What it sounds like now:
  Q: Hello.
  A: The pieces the preciple is the preciple is the preciple is the pieces the preciple is the pieces the pieces the pieces the pieces the pieces the pied the pieces the preciple is the preciple is the pieces the preciple is the pieces the pied the pied the preciple is the preciple is the
  Q: Who are you?
  A: ...
  Q: What do you know?
  A: ...

[init] Warmup complete at stage 2. Organism ready.
[ecology] Joined swarm. 3 peer(s) detected.
molequla is alive. [evolution] Autonomous mode  background trainer running. Ctrl+C to stop.
[dna] earth wrote 282 bytes to ecology
[dna] earth wrote 282 bytes to ecology
[dna] earth consumed 328 bytes from 1 files: [water/gen_1778736489_4.txt]
[dna] earth wrote 284 bytes to ecology
[dna] earth consumed 20 bytes from 1 files: [air/gen_1778736523_7.txt]
[dna] earth wrote 279 bytes to ecology
[dna] earth consumed 20 bytes from 1 files: [air/gen_1778736624_13.txt]
[dna] earth consumed 358 bytes from 1 files: [fire/gen_1778736681_7.txt]
[dna] earth wrote 275 bytes to ecology
[dna] earth consumed 211 bytes from 1 files: [fire/gen_1778736793_10.txt]
[dna] earth wrote 223 bytes to ecology
[dna] earth consumed 55 bytes from 1 files: [fire/gen_1778736865_13.txt]
[dna] earth wrote 45 bytes to ecology
[dna] earth consumed 272 bytes from 1 files: [fire/gen_1778737025_16.txt]
[trainer] micro-train burst (1264 bytes, novelty 0.04)  and lo, it feeds again.
[syntropy] action=explore | trend=0.0000 | field_dev=-0.084 | purpose_align=-0.014 | lr_mul=1.30
[aml] burst complete: 32 steps, avg loss 2.1507 (memory freed)
[dna] earth wrote 267 bytes to ecology
[dna] earth consumed 273 bytes from 1 files: [water/gen_1778737536_25.txt]
[dna] earth wrote 267 bytes to ecology
[dna] earth consumed 273 bytes from 1 files: [water/gen_1778737683_28.txt]
[dna] earth wrote 267 bytes to ecology
[dna] earth consumed 272 bytes from 1 files: [fire/gen_1778737897_28.txt]
[dna] earth wrote 269 bytes to ecology
[dna] earth consumed 272 bytes from 1 files: [fire/gen_1778738018_31.txt]
[trainer] micro-train burst (1090 bytes, novelty 0.01)  and lo, it feeds again.
[syntropy] action=explore | trend=0.0456 | field_dev=-0.068 | purpose_align=-0.011 | lr_mul=1.30
[aml] burst complete: 32 steps, avg loss 2.0181 (memory freed)
[trainer] growing new delta module (total: 2)  new soul appended.
[dna] earth wrote 267 bytes to ecology
[dna] earth consumed 273 bytes from 1 files: [air/gen_1778738194_34.txt]
[dna] earth wrote 269 bytes to ecology
[dna] earth consumed 273 bytes from 1 files: [water/gen_1778738250_40.txt]
[dna] earth wrote 268 bytes to ecology
[dna] earth consumed 271 bytes from 1 files: [fire/gen_1778738303_40.txt]
[dna] earth wrote 268 bytes to ecology
[dna] earth consumed 272 bytes from 1 files: [fire/gen_1778738464_43.txt]
[trainer] micro-train burst (1089 bytes, novelty 0.02)  and lo, it feeds again.
[syntropy] action=explore | trend=0.1948 | field_dev=-0.061 | purpose_align=0.226 | lr_mul=1.30
[aml] burst complete: 32 steps, avg loss 1.9120 (memory freed)
[dna] earth wrote 269 bytes to ecology
[dna] earth consumed 273 bytes from 1 files: [water/gen_1778738633_49.txt]
[dna] earth consumed 273 bytes from 1 files: [air/gen_1778738685_49.txt]
[dna] earth wrote 266 bytes to ecology
[debug-onto] tick=50 corpus=177649 stage=2 freeze=0
[dna] earth consumed 273 bytes from 1 files: [water/gen_1778738750_55.txt]
[dna] earth wrote 268 bytes to ecology
[dna] earth consumed 273 bytes from 1 files: [water/gen_1778738811_58.txt]
[trainer] micro-train burst (1092 bytes, novelty 0.02)  and lo, it feeds again.
[syntropy] action=explore | trend=0.3581 | field_dev=-0.034 | purpose_align=0.224 | lr_mul=1.30
[aml] burst complete: 32 steps, avg loss 1.9639 (memory freed)
[dna] earth consumed 273 bytes from 1 files: [air/gen_1778738904_55.txt]
[dna] earth wrote 270 bytes to ecology
[dna] earth wrote 268 bytes to ecology
[dna] earth wrote 267 bytes to ecology
[dna] earth consumed 273 bytes from 1 files: [air/gen_1778739189_64.txt]
[dna] earth consumed 273 bytes from 1 files: [air/gen_1778739236_67.txt]
[dna] earth wrote 271 bytes to ecology
[dna] earth consumed 273 bytes from 1 files: [water/gen_1778739288_67.txt]
[trainer] micro-train burst (1092 bytes, novelty 0.02)  and lo, it feeds again.
[syntropy] action=steady | trend=0.4936 | field_dev=-0.064 | purpose_align=0.225 | lr_mul=1.00
[aml] burst complete: 32 steps, avg loss 1.8627 (memory freed)
[dna] earth consumed 269 bytes from 1 files: [fire/gen_1778739561_73.txt]
[dna] earth wrote 269 bytes to ecology
[dna] earth wrote 271 bytes to ecology
[dna] earth consumed 273 bytes from 1 files: [air/gen_1778739666_76.txt]
[dna] earth consumed 269 bytes from 1 files: [fire/gen_1778739761_76.txt]
[dna] earth wrote 269 bytes to ecology
[dna] earth consumed 273 bytes from 1 files: [air/gen_1778739817_82.txt]
[trainer] micro-train burst (1084 bytes, novelty 0.01)  and lo, it feeds again.
[syntropy] action=steady | trend=0.2628 | field_dev=-0.040 | purpose_align=0.228 | lr_mul=1.00
[aml] burst complete: 32 steps, avg loss 2.0119 (memory freed)
[dna] earth wrote 269 bytes to ecology
[dna] earth consumed 273 bytes from 1 files: [air/gen_1778740114_85.txt]
[dna] earth wrote 269 bytes to ecology
[dna] earth wrote 269 bytes to ecology
[dna] earth wrote 269 bytes to ecology
[dna] earth consumed 269 bytes from 1 files: [water/gen_1778740320_88.txt]
[dna] earth wrote 269 bytes to ecology
[dna] earth wrote 267 bytes to ecology
[dna] earth consumed 273 bytes from 1 files: [air/gen_1778740404_100.txt]
[dna] earth consumed 269 bytes from 1 files: [water/gen_1778740489_91.txt]
[trainer] micro-train burst (1084 bytes, novelty 0.01)  and lo, it feeds again.
[syntropy] action=dampen | trend=-0.1002 | field_dev=-0.078 | purpose_align=0.231 | lr_mul=0.60
[aml] burst complete: 32 steps, avg loss 2.6080 (memory freed)
[dna] earth wrote 269 bytes to ecology
[dna] earth consumed 269 bytes from 1 files: [water/gen_1778740821_100.txt]
[dna] earth wrote 269 bytes to ecology
[dna] earth consumed 542 bytes from 2 files: [air/gen_1778740867_109.txt water/gen_1778740871_103.txt]
[dna] earth wrote 269 bytes to ecology
[debug-onto] tick=100 corpus=182283 stage=2 freeze=0
[dna] earth wrote 269 bytes to ecology
[dna] earth wrote 269 bytes to ecology
[dna] earth consumed 269 bytes from 1 files: [water/gen_1778741073_106.txt]
[trainer] micro-train burst (1080 bytes, novelty 0.01)  and lo, it feeds again.
[syntropy] action=dampen | trend=-0.2241 | field_dev=-0.066 | purpose_align=0.232 | lr_mul=0.60
[aml] burst complete: 32 steps, avg loss 2.1488 (memory freed)
[dna] earth consumed 269 bytes from 1 files: [water/gen_1778741303_112.txt]
[dna] earth wrote 266 bytes to ecology
[dna] earth consumed 269 bytes from 1 files: [water/gen_1778741340_115.txt]
[dna] earth wrote 266 bytes to ecology
[dna] earth consumed 269 bytes from 1 files: [water/gen_1778741404_118.txt]
[dna] earth consumed 269 bytes from 1 files: [fire/gen_1778741433_115.txt]
[trainer] micro-train burst (1076 bytes, novelty 0.01)  and lo, it feeds again.
[syntropy] action=dampen | trend=-0.1440 | field_dev=-0.076 | purpose_align=0.236 | lr_mul=0.60
[aml] burst complete: 32 steps, avg loss 1.9545 (memory freed)
[trainer] growing new delta module (total: 3)  new soul appended.
[dna] earth wrote 269 bytes to ecology
[dna] earth wrote 269 bytes to ecology
[dna] earth wrote 269 bytes to ecology
[dna] earth consumed 269 bytes from 1 files: [fire/gen_1778741688_127.txt]
[dna] earth consumed 269 bytes from 1 files: [water/gen_1778741711_124.txt]
[dna] earth wrote 266 bytes to ecology

[evolution] Organism shutting down gracefully.
